<?xml version="1.0" encoding="UTF-8"?>
<testng-results skipped="0" failed="0" total="9" passed="9">
  <reporter-output>
  </reporter-output>
  <suite name="test maven suit" duration-ms="60" started-at="2018-04-09T11:19:52Z" finished-at="2018-04-09T11:19:52Z">
    <groups>
    </groups>
    <test name="test maven testNG" duration-ms="60" started-at="2018-04-09T11:19:52Z" finished-at="2018-04-09T11:19:52Z">
      <class name="com.qa.test.DemoTest">
        <test-method status="PASS" signature="div()[pri:0, instance:com.qa.test.DemoTest@73f792cf]" name="div" duration-ms="18" started-at="2018-04-09T16:49:52Z" finished-at="2018-04-09T16:49:52Z">
          <reporter-output>
          </reporter-output>
        </test-method> <!-- div -->
        <test-method status="PASS" signature="mul()[pri:0, instance:com.qa.test.DemoTest@73f792cf]" name="mul" duration-ms="1" started-at="2018-04-09T16:49:52Z" finished-at="2018-04-09T16:49:52Z">
          <reporter-output>
          </reporter-output>
        </test-method> <!-- mul -->
        <test-method status="PASS" signature="sum()[pri:0, instance:com.qa.test.DemoTest@73f792cf]" name="sum" duration-ms="1" started-at="2018-04-09T16:49:52Z" finished-at="2018-04-09T16:49:52Z">
          <reporter-output>
          </reporter-output>
        </test-method> <!-- sum -->
      </class> <!-- com.qa.test.DemoTest -->
      <class name="com.qa.test.DemoTest1">
        <test-method status="PASS" signature="div()[pri:0, instance:com.qa.test.DemoTest1@2f7a2457]" name="div" duration-ms="1" started-at="2018-04-09T16:49:52Z" finished-at="2018-04-09T16:49:52Z">
          <reporter-output>
          </reporter-output>
        </test-method> <!-- div -->
        <test-method status="PASS" signature="mul()[pri:0, instance:com.qa.test.DemoTest1@2f7a2457]" name="mul" duration-ms="1" started-at="2018-04-09T16:49:52Z" finished-at="2018-04-09T16:49:52Z">
          <reporter-output>
          </reporter-output>
        </test-method> <!-- mul -->
        <test-method status="PASS" signature="sum()[pri:0, instance:com.qa.test.DemoTest1@2f7a2457]" name="sum" duration-ms="1" started-at="2018-04-09T16:49:52Z" finished-at="2018-04-09T16:49:52Z">
          <reporter-output>
          </reporter-output>
        </test-method> <!-- sum -->
      </class> <!-- com.qa.test.DemoTest1 -->
      <class name="com.qa.test.DemoTest2">
        <test-method status="PASS" signature="div()[pri:0, instance:com.qa.test.DemoTest2@79b4d0f]" name="div" duration-ms="1" started-at="2018-04-09T16:49:52Z" finished-at="2018-04-09T16:49:52Z">
          <reporter-output>
          </reporter-output>
        </test-method> <!-- div -->
        <test-method status="PASS" signature="mul()[pri:0, instance:com.qa.test.DemoTest2@79b4d0f]" name="mul" duration-ms="1" started-at="2018-04-09T16:49:52Z" finished-at="2018-04-09T16:49:52Z">
          <reporter-output>
          </reporter-output>
        </test-method> <!-- mul -->
        <test-method status="PASS" signature="sum()[pri:0, instance:com.qa.test.DemoTest2@79b4d0f]" name="sum" duration-ms="1" started-at="2018-04-09T16:49:52Z" finished-at="2018-04-09T16:49:52Z">
          <reporter-output>
          </reporter-output>
        </test-method> <!-- sum -->
      </class> <!-- com.qa.test.DemoTest2 -->
    </test> <!-- test maven testNG -->
  </suite> <!-- test maven suit -->
</testng-results>
