<?xml version="1.0" encoding="UTF-8"?>
<!-- Generated by org.testng.reporters.JUnitXMLReporter -->
<testsuite hostname="DESKTOP-LQ9LD78" name="test maven testNG" tests="9" failures="0" timestamp="9 Apr 2018 11:19:52 GMT" time="0.06" errors="0">
  <testcase name="div" time="0.018" classname="com.qa.test.DemoTest"/>
  <testcase name="mul" time="0.001" classname="com.qa.test.DemoTest"/>
  <testcase name="sum" time="0.001" classname="com.qa.test.DemoTest"/>
  <testcase name="div" time="0.001" classname="com.qa.test.DemoTest1"/>
  <testcase name="mul" time="0.001" classname="com.qa.test.DemoTest1"/>
  <testcase name="sum" time="0.001" classname="com.qa.test.DemoTest1"/>
  <testcase name="div" time="0.001" classname="com.qa.test.DemoTest2"/>
  <testcase name="mul" time="0.001" classname="com.qa.test.DemoTest2"/>
  <testcase name="sum" time="0.001" classname="com.qa.test.DemoTest2"/>
</testsuite> <!-- test maven testNG -->
